<?xml version="1.0" encoding="UTF-8"?>
<!-- Generated by org.testng.reporters.JUnitReportReporter -->
<testsuite hostname="DESKTOP-MAH8EC2" failures="0" tests="2" name="qaclickacademy.SeleniumTest" time="0.015" errors="0" timestamp="2019-09-18T11:49:17 IST" skipped="0">
  <testcase classname="qaclickacademy.SeleniumTest" name="ElementsUI" time="0.000"/>
  <testcase classname="qaclickacademy.SeleniumTest" name="BrowserAutomation" time="0.015"/>
</testsuite> <!-- qaclickacademy.SeleniumTest -->
