<?xml version="1.0" encoding="UTF-8"?>
<!-- Generated by org.testng.reporters.JUnitReportReporter -->
<testsuite hostname="DESKTOP-MAH8EC2" failures="0" tests="2" name="qaclickacademy.AppiumTest" time="0.015" errors="0" timestamp="2019-09-18T11:46:57 IST" skipped="0">
  <testcase classname="qaclickacademy.AppiumTest" name="NativeAppAndroid" time="0.015"/>
  <testcase classname="qaclickacademy.AppiumTest" name="NativeAppIos" time="0.000"/>
</testsuite> <!-- qaclickacademy.AppiumTest -->
